
*** Running vivado
    with args -log GateKeeper_BD_wrapper.vdi -applog -m64 -product Vivado -messageDb vivado.pb -mode batch -source GateKeeper_BD_wrapper.tcl -notrace



****** Vivado v2023.2 (64-bit)
  **** SW Build 4029153 on Fri Oct 13 20:14:34 MDT 2023
  **** IP Build 4028589 on Sat Oct 14 00:45:43 MDT 2023
  **** SharedData Build 4025554 on Tue Oct 10 17:18:54 MDT 2023
    ** Copyright 1986-2022 Xilinx, Inc. All Rights Reserved.
    ** Copyright 2022-2023 Advanced Micro Devices, Inc. All Rights Reserved.

source GateKeeper_BD_wrapper.tcl -notrace
create_project: Time (s): cpu = 00:00:24 ; elapsed = 00:00:26 . Memory (MB): peak = 555.758 ; gain = 180.094
INFO: [IP_Flow 19-234] Refreshing IP repositories
INFO: [IP_Flow 19-1704] No user IP repositories specified
INFO: [IP_Flow 19-2313] Loaded Vivado IP repository 'C:/Xilinx/Vivado/2023.2/data/ip'.
Command: link_design -top GateKeeper_BD_wrapper -part xc7z020clg484-1
Design is defaulting to srcset: sources_1
Design is defaulting to constrset: constrs_1
INFO: [Device 21-403] Loading part xc7z020clg484-1
INFO: [Project 1-454] Reading design checkpoint 'c:/Users/danie/Documents/GitHub/GateKeeper/FPGA/GateKeeper/BD/GateKeeper_BD/ip/GateKeeper_BD_GateKeeper_0_0/GateKeeper_BD_GateKeeper_0_0.dcp' for cell 'GateKeeper_BD_i/GateKeeper_0'
INFO: [Project 1-454] Reading design checkpoint 'c:/Users/danie/Documents/GitHub/GateKeeper/FPGA/GateKeeper/BD/GateKeeper_BD/ip/GateKeeper_BD_GateKeeper_1_0/GateKeeper_BD_GateKeeper_1_0.dcp' for cell 'GateKeeper_BD_i/GateKeeper_1'
INFO: [Project 1-454] Reading design checkpoint 'c:/Users/danie/Documents/GitHub/GateKeeper/FPGA/GateKeeper/BD/GateKeeper_BD/ip/GateKeeper_BD_GateKeeper_2_0/GateKeeper_BD_GateKeeper_2_0.dcp' for cell 'GateKeeper_BD_i/GateKeeper_2'
INFO: [Project 1-454] Reading design checkpoint 'c:/Users/danie/Documents/GitHub/GateKeeper/FPGA/GateKeeper/BD/GateKeeper_BD/ip/GateKeeper_BD_UART_Rx_0_0/GateKeeper_BD_UART_Rx_0_0.dcp' for cell 'GateKeeper_BD_i/UART_Rx_0'
INFO: [Project 1-454] Reading design checkpoint 'c:/Users/danie/Documents/GitHub/GateKeeper/FPGA/GateKeeper/BD/GateKeeper_BD/ip/GateKeeper_BD_axi_gpio_0_0/GateKeeper_BD_axi_gpio_0_0.dcp' for cell 'GateKeeper_BD_i/axi_gpio_0'
INFO: [Project 1-454] Reading design checkpoint 'c:/Users/danie/Documents/GitHub/GateKeeper/FPGA/GateKeeper/BD/GateKeeper_BD/ip/GateKeeper_BD_clk_wiz_0_0/GateKeeper_BD_clk_wiz_0_0.dcp' for cell 'GateKeeper_BD_i/clk_wiz_0'
INFO: [Project 1-454] Reading design checkpoint 'c:/Users/danie/Documents/GitHub/GateKeeper/FPGA/GateKeeper/BD/GateKeeper_BD/ip/GateKeeper_BD_control_parametros_0_0/GateKeeper_BD_control_parametros_0_0.dcp' for cell 'GateKeeper_BD_i/control_parametros_0'
INFO: [Project 1-454] Reading design checkpoint 'c:/Users/danie/Documents/GitHub/GateKeeper/FPGA/GateKeeper/BD/GateKeeper_BD/ip/GateKeeper_BD_processing_system7_0_0/GateKeeper_BD_processing_system7_0_0.dcp' for cell 'GateKeeper_BD_i/processing_system7_0'
INFO: [Project 1-454] Reading design checkpoint 'c:/Users/danie/Documents/GitHub/GateKeeper/FPGA/GateKeeper/BD/GateKeeper_BD/ip/GateKeeper_BD_rst_ps7_0_100M_0/GateKeeper_BD_rst_ps7_0_100M_0.dcp' for cell 'GateKeeper_BD_i/rst_ps7_0_100M'
INFO: [Project 1-454] Reading design checkpoint 'c:/Users/danie/Documents/GitHub/GateKeeper/FPGA/GateKeeper/BD/GateKeeper_BD/ip/GateKeeper_BD_tick_generator_0_0/GateKeeper_BD_tick_generator_0_0.dcp' for cell 'GateKeeper_BD_i/tick_generator_0'
INFO: [Project 1-454] Reading design checkpoint 'c:/Users/danie/Documents/GitHub/GateKeeper/FPGA/GateKeeper/BD/GateKeeper_BD/ip/GateKeeper_BD_auto_pc_0/GateKeeper_BD_auto_pc_0.dcp' for cell 'GateKeeper_BD_i/ps7_0_axi_periph/s00_couplers/auto_pc'
Netlist sorting complete. Time (s): cpu = 00:00:00 ; elapsed = 00:00:00.154 . Memory (MB): peak = 1024.355 ; gain = 0.000
INFO: [Netlist 29-17] Analyzing 55 Unisim elements for replacement
INFO: [Netlist 29-28] Unisim Transformation completed in 0 CPU seconds
INFO: [Project 1-479] Netlist was created with Vivado 2023.2
INFO: [Project 1-570] Preparing netlist for logic optimization
Parsing XDC File [c:/Users/danie/Documents/GitHub/GateKeeper/FPGA/GateKeeper/BD/GateKeeper_BD/ip/GateKeeper_BD_clk_wiz_0_0/GateKeeper_BD_clk_wiz_0_0_board.xdc] for cell 'GateKeeper_BD_i/clk_wiz_0/inst'
Finished Parsing XDC File [c:/Users/danie/Documents/GitHub/GateKeeper/FPGA/GateKeeper/BD/GateKeeper_BD/ip/GateKeeper_BD_clk_wiz_0_0/GateKeeper_BD_clk_wiz_0_0_board.xdc] for cell 'GateKeeper_BD_i/clk_wiz_0/inst'
Parsing XDC File [c:/Users/danie/Documents/GitHub/GateKeeper/FPGA/GateKeeper/BD/GateKeeper_BD/ip/GateKeeper_BD_clk_wiz_0_0/GateKeeper_BD_clk_wiz_0_0.xdc] for cell 'GateKeeper_BD_i/clk_wiz_0/inst'
INFO: [Timing 38-35] Done setting XDC timing constraints. [c:/Users/danie/Documents/GitHub/GateKeeper/FPGA/GateKeeper/BD/GateKeeper_BD/ip/GateKeeper_BD_clk_wiz_0_0/GateKeeper_BD_clk_wiz_0_0.xdc:54]
INFO: [Timing 38-2] Deriving generated clocks [c:/Users/danie/Documents/GitHub/GateKeeper/FPGA/GateKeeper/BD/GateKeeper_BD/ip/GateKeeper_BD_clk_wiz_0_0/GateKeeper_BD_clk_wiz_0_0.xdc:54]
get_clocks: Time (s): cpu = 00:00:25 ; elapsed = 00:00:26 . Memory (MB): peak = 1738.121 ; gain = 565.629
Finished Parsing XDC File [c:/Users/danie/Documents/GitHub/GateKeeper/FPGA/GateKeeper/BD/GateKeeper_BD/ip/GateKeeper_BD_clk_wiz_0_0/GateKeeper_BD_clk_wiz_0_0.xdc] for cell 'GateKeeper_BD_i/clk_wiz_0/inst'
Parsing XDC File [c:/Users/danie/Documents/GitHub/GateKeeper/FPGA/GateKeeper/BD/GateKeeper_BD/ip/GateKeeper_BD_processing_system7_0_0/GateKeeper_BD_processing_system7_0_0.xdc] for cell 'GateKeeper_BD_i/processing_system7_0/inst'
Finished Parsing XDC File [c:/Users/danie/Documents/GitHub/GateKeeper/FPGA/GateKeeper/BD/GateKeeper_BD/ip/GateKeeper_BD_processing_system7_0_0/GateKeeper_BD_processing_system7_0_0.xdc] for cell 'GateKeeper_BD_i/processing_system7_0/inst'
Parsing XDC File [c:/Users/danie/Documents/GitHub/GateKeeper/FPGA/GateKeeper/BD/GateKeeper_BD/ip/GateKeeper_BD_axi_gpio_0_0/GateKeeper_BD_axi_gpio_0_0_board.xdc] for cell 'GateKeeper_BD_i/axi_gpio_0/U0'
Finished Parsing XDC File [c:/Users/danie/Documents/GitHub/GateKeeper/FPGA/GateKeeper/BD/GateKeeper_BD/ip/GateKeeper_BD_axi_gpio_0_0/GateKeeper_BD_axi_gpio_0_0_board.xdc] for cell 'GateKeeper_BD_i/axi_gpio_0/U0'
Parsing XDC File [c:/Users/danie/Documents/GitHub/GateKeeper/FPGA/GateKeeper/BD/GateKeeper_BD/ip/GateKeeper_BD_axi_gpio_0_0/GateKeeper_BD_axi_gpio_0_0.xdc] for cell 'GateKeeper_BD_i/axi_gpio_0/U0'
Finished Parsing XDC File [c:/Users/danie/Documents/GitHub/GateKeeper/FPGA/GateKeeper/BD/GateKeeper_BD/ip/GateKeeper_BD_axi_gpio_0_0/GateKeeper_BD_axi_gpio_0_0.xdc] for cell 'GateKeeper_BD_i/axi_gpio_0/U0'
Parsing XDC File [c:/Users/danie/Documents/GitHub/GateKeeper/FPGA/GateKeeper/BD/GateKeeper_BD/ip/GateKeeper_BD_rst_ps7_0_100M_0/GateKeeper_BD_rst_ps7_0_100M_0_board.xdc] for cell 'GateKeeper_BD_i/rst_ps7_0_100M/U0'
Finished Parsing XDC File [c:/Users/danie/Documents/GitHub/GateKeeper/FPGA/GateKeeper/BD/GateKeeper_BD/ip/GateKeeper_BD_rst_ps7_0_100M_0/GateKeeper_BD_rst_ps7_0_100M_0_board.xdc] for cell 'GateKeeper_BD_i/rst_ps7_0_100M/U0'
Parsing XDC File [c:/Users/danie/Documents/GitHub/GateKeeper/FPGA/GateKeeper/BD/GateKeeper_BD/ip/GateKeeper_BD_rst_ps7_0_100M_0/GateKeeper_BD_rst_ps7_0_100M_0.xdc] for cell 'GateKeeper_BD_i/rst_ps7_0_100M/U0'
Finished Parsing XDC File [c:/Users/danie/Documents/GitHub/GateKeeper/FPGA/GateKeeper/BD/GateKeeper_BD/ip/GateKeeper_BD_rst_ps7_0_100M_0/GateKeeper_BD_rst_ps7_0_100M_0.xdc] for cell 'GateKeeper_BD_i/rst_ps7_0_100M/U0'
Parsing XDC File [C:/Users/danie/Documents/GitHub/GateKeeper/FPGA/GateKeeper/srcs/Zedboard-Master.xdc]
Finished Parsing XDC File [C:/Users/danie/Documents/GitHub/GateKeeper/FPGA/GateKeeper/srcs/Zedboard-Master.xdc]
INFO: [Opt 31-138] Pushed 0 inverter(s) to 0 load pin(s).
Netlist sorting complete. Time (s): cpu = 00:00:00 ; elapsed = 00:00:00.002 . Memory (MB): peak = 1738.121 ; gain = 0.000
INFO: [Project 1-111] Unisim Transformation Summary:
No Unisim elements were transformed.

The system cannot find the path specified.
23 Infos, 0 Warnings, 0 Critical Warnings and 0 Errors encountered.
link_design completed successfully
link_design: Time (s): cpu = 00:00:54 ; elapsed = 00:01:16 . Memory (MB): peak = 1738.121 ; gain = 1150.562
Command: opt_design
Attempting to get a license for feature 'Implementation' and/or device 'xc7z020'
INFO: [Common 17-349] Got license for feature 'Implementation' and/or device 'xc7z020'
Running DRC as a precondition to command opt_design

Starting DRC Task
INFO: [DRC 23-27] Running DRC with 2 threads
INFO: [Project 1-461] DRC finished with 0 Errors
INFO: [Project 1-462] Please refer to the DRC report (report_drc) for more information.

Time (s): cpu = 00:00:06 ; elapsed = 00:00:04 . Memory (MB): peak = 1738.121 ; gain = 0.000

Starting Cache Timing Information Task
INFO: [Timing 38-35] Done setting XDC timing constraints.
Ending Cache Timing Information Task | Checksum: 5f95b4be

Time (s): cpu = 00:00:00 ; elapsed = 00:00:00.338 . Memory (MB): peak = 1762.254 ; gain = 24.133

Starting Logic Optimization Task

Phase 1 Initialization

Phase 1.1 Core Generation And Design Setup
Phase 1.1 Core Generation And Design Setup | Checksum: 5f95b4be

Time (s): cpu = 00:00:00 ; elapsed = 00:00:00.007 . Memory (MB): peak = 2119.270 ; gain = 0.000

Phase 1.2 Setup Constraints And Sort Netlist
Phase 1.2 Setup Constraints And Sort Netlist | Checksum: 5f95b4be

Time (s): cpu = 00:00:00 ; elapsed = 00:00:00.018 . Memory (MB): peak = 2119.270 ; gain = 0.000
Phase 1 Initialization | Checksum: 5f95b4be

Time (s): cpu = 00:00:00 ; elapsed = 00:00:00.024 . Memory (MB): peak = 2119.270 ; gain = 0.000

Phase 2 Timer Update And Timing Data Collection

Phase 2.1 Timer Update
Phase 2.1 Timer Update | Checksum: 5f95b4be

Time (s): cpu = 00:00:00 ; elapsed = 00:00:00.174 . Memory (MB): peak = 2119.270 ; gain = 0.000

Phase 2.2 Timing Data Collection
Phase 2.2 Timing Data Collection | Checksum: 5f95b4be

Time (s): cpu = 00:00:00 ; elapsed = 00:00:00.207 . Memory (MB): peak = 2119.270 ; gain = 0.000
Phase 2 Timer Update And Timing Data Collection | Checksum: 5f95b4be

Time (s): cpu = 00:00:00 ; elapsed = 00:00:00.213 . Memory (MB): peak = 2119.270 ; gain = 0.000

Phase 3 Retarget
INFO: [Opt 31-138] Pushed 0 inverter(s) to 0 load pin(s).
INFO: [Opt 31-49] Retargeted 0 cell(s).
Phase 3 Retarget | Checksum: bf6c065a

Time (s): cpu = 00:00:01 ; elapsed = 00:00:00.433 . Memory (MB): peak = 2119.270 ; gain = 0.000
Retarget | Checksum: bf6c065a
INFO: [Opt 31-389] Phase Retarget created 4 cells and removed 29 cells
INFO: [Opt 31-1021] In phase Retarget, 6 netlist objects are constrained preventing optimization. Please run opt_design with -debug_log to get more detail. 

Phase 4 Constant propagation
INFO: [Opt 31-138] Pushed 0 inverter(s) to 0 load pin(s).
Phase 4 Constant propagation | Checksum: e738ba57

Time (s): cpu = 00:00:01 ; elapsed = 00:00:00.491 . Memory (MB): peak = 2119.270 ; gain = 0.000
Constant propagation | Checksum: e738ba57
INFO: [Opt 31-389] Phase Constant propagation created 0 cells and removed 8 cells

Phase 5 Sweep
Phase 5 Sweep | Checksum: 7915c0e8

Time (s): cpu = 00:00:01 ; elapsed = 00:00:01 . Memory (MB): peak = 2119.270 ; gain = 0.000
Sweep | Checksum: 7915c0e8
INFO: [Opt 31-389] Phase Sweep created 0 cells and removed 174 cells

Phase 6 BUFG optimization
Phase 6 BUFG optimization | Checksum: 7915c0e8

Time (s): cpu = 00:00:01 ; elapsed = 00:00:01 . Memory (MB): peak = 2119.270 ; gain = 0.000
BUFG optimization | Checksum: 7915c0e8
INFO: [Opt 31-662] Phase BUFG optimization created 0 cells of which 0 are BUFGs and removed 0 cells.

Phase 7 Shift Register Optimization
WARNING: [Opt 31-1131] Can not pull register out from GateKeeper_BD_i/ps7_0_axi_periph/s00_couplers/auto_pc/inst/gen_axilite.gen_b2s_conv.axilite_b2s/RD.r_channel_0/rd_data_fifo_0/memory_reg[31][0]_srl32 due to none static srl address bits
WARNING: [Opt 31-1131] Can not pull register out from GateKeeper_BD_i/ps7_0_axi_periph/s00_couplers/auto_pc/inst/gen_axilite.gen_b2s_conv.axilite_b2s/RD.r_channel_0/rd_data_fifo_0/memory_reg[31][10]_srl32 due to none static srl address bits
WARNING: [Opt 31-1131] Can not pull register out from GateKeeper_BD_i/ps7_0_axi_periph/s00_couplers/auto_pc/inst/gen_axilite.gen_b2s_conv.axilite_b2s/RD.r_channel_0/rd_data_fifo_0/memory_reg[31][11]_srl32 due to none static srl address bits
WARNING: [Opt 31-1131] Can not pull register out from GateKeeper_BD_i/ps7_0_axi_periph/s00_couplers/auto_pc/inst/gen_axilite.gen_b2s_conv.axilite_b2s/RD.r_channel_0/rd_data_fifo_0/memory_reg[31][12]_srl32 due to none static srl address bits
WARNING: [Opt 31-1131] Can not pull register out from GateKeeper_BD_i/ps7_0_axi_periph/s00_couplers/auto_pc/inst/gen_axilite.gen_b2s_conv.axilite_b2s/RD.r_channel_0/rd_data_fifo_0/memory_reg[31][13]_srl32 due to none static srl address bits
WARNING: [Opt 31-1131] Can not pull register out from GateKeeper_BD_i/ps7_0_axi_periph/s00_couplers/auto_pc/inst/gen_axilite.gen_b2s_conv.axilite_b2s/RD.r_channel_0/rd_data_fifo_0/memory_reg[31][14]_srl32 due to none static srl address bits
WARNING: [Opt 31-1131] Can not pull register out from GateKeeper_BD_i/ps7_0_axi_periph/s00_couplers/auto_pc/inst/gen_axilite.gen_b2s_conv.axilite_b2s/RD.r_channel_0/rd_data_fifo_0/memory_reg[31][15]_srl32 due to none static srl address bits
WARNING: [Opt 31-1131] Can not pull register out from GateKeeper_BD_i/ps7_0_axi_periph/s00_couplers/auto_pc/inst/gen_axilite.gen_b2s_conv.axilite_b2s/RD.r_channel_0/rd_data_fifo_0/memory_reg[31][16]_srl32 due to none static srl address bits
WARNING: [Opt 31-1131] Can not pull register out from GateKeeper_BD_i/ps7_0_axi_periph/s00_couplers/auto_pc/inst/gen_axilite.gen_b2s_conv.axilite_b2s/RD.r_channel_0/rd_data_fifo_0/memory_reg[31][17]_srl32 due to none static srl address bits
WARNING: [Opt 31-1131] Can not pull register out from GateKeeper_BD_i/ps7_0_axi_periph/s00_couplers/auto_pc/inst/gen_axilite.gen_b2s_conv.axilite_b2s/RD.r_channel_0/rd_data_fifo_0/memory_reg[31][18]_srl32 due to none static srl address bits
WARNING: [Opt 31-1131] Can not pull register out from GateKeeper_BD_i/ps7_0_axi_periph/s00_couplers/auto_pc/inst/gen_axilite.gen_b2s_conv.axilite_b2s/RD.r_channel_0/rd_data_fifo_0/memory_reg[31][19]_srl32 due to none static srl address bits
WARNING: [Opt 31-1131] Can not pull register out from GateKeeper_BD_i/ps7_0_axi_periph/s00_couplers/auto_pc/inst/gen_axilite.gen_b2s_conv.axilite_b2s/RD.r_channel_0/rd_data_fifo_0/memory_reg[31][1]_srl32 due to none static srl address bits
WARNING: [Opt 31-1131] Can not pull register out from GateKeeper_BD_i/ps7_0_axi_periph/s00_couplers/auto_pc/inst/gen_axilite.gen_b2s_conv.axilite_b2s/RD.r_channel_0/rd_data_fifo_0/memory_reg[31][20]_srl32 due to none static srl address bits
WARNING: [Opt 31-1131] Can not pull register out from GateKeeper_BD_i/ps7_0_axi_periph/s00_couplers/auto_pc/inst/gen_axilite.gen_b2s_conv.axilite_b2s/RD.r_channel_0/rd_data_fifo_0/memory_reg[31][21]_srl32 due to none static srl address bits
WARNING: [Opt 31-1131] Can not pull register out from GateKeeper_BD_i/ps7_0_axi_periph/s00_couplers/auto_pc/inst/gen_axilite.gen_b2s_conv.axilite_b2s/RD.r_channel_0/rd_data_fifo_0/memory_reg[31][22]_srl32 due to none static srl address bits
WARNING: [Opt 31-1131] Can not pull register out from GateKeeper_BD_i/ps7_0_axi_periph/s00_couplers/auto_pc/inst/gen_axilite.gen_b2s_conv.axilite_b2s/RD.r_channel_0/rd_data_fifo_0/memory_reg[31][23]_srl32 due to none static srl address bits
WARNING: [Opt 31-1131] Can not pull register out from GateKeeper_BD_i/ps7_0_axi_periph/s00_couplers/auto_pc/inst/gen_axilite.gen_b2s_conv.axilite_b2s/RD.r_channel_0/rd_data_fifo_0/memory_reg[31][24]_srl32 due to none static srl address bits
WARNING: [Opt 31-1131] Can not pull register out from GateKeeper_BD_i/ps7_0_axi_periph/s00_couplers/auto_pc/inst/gen_axilite.gen_b2s_conv.axilite_b2s/RD.r_channel_0/rd_data_fifo_0/memory_reg[31][25]_srl32 due to none static srl address bits
WARNING: [Opt 31-1131] Can not pull register out from GateKeeper_BD_i/ps7_0_axi_periph/s00_couplers/auto_pc/inst/gen_axilite.gen_b2s_conv.axilite_b2s/RD.r_channel_0/rd_data_fifo_0/memory_reg[31][26]_srl32 due to none static srl address bits
WARNING: [Opt 31-1131] Can not pull register out from GateKeeper_BD_i/ps7_0_axi_periph/s00_couplers/auto_pc/inst/gen_axilite.gen_b2s_conv.axilite_b2s/RD.r_channel_0/rd_data_fifo_0/memory_reg[31][27]_srl32 due to none static srl address bits
WARNING: [Opt 31-1131] Can not pull register out from GateKeeper_BD_i/ps7_0_axi_periph/s00_couplers/auto_pc/inst/gen_axilite.gen_b2s_conv.axilite_b2s/RD.r_channel_0/rd_data_fifo_0/memory_reg[31][28]_srl32 due to none static srl address bits
WARNING: [Opt 31-1131] Can not pull register out from GateKeeper_BD_i/ps7_0_axi_periph/s00_couplers/auto_pc/inst/gen_axilite.gen_b2s_conv.axilite_b2s/RD.r_channel_0/rd_data_fifo_0/memory_reg[31][29]_srl32 due to none static srl address bits
WARNING: [Opt 31-1131] Can not pull register out from GateKeeper_BD_i/ps7_0_axi_periph/s00_couplers/auto_pc/inst/gen_axilite.gen_b2s_conv.axilite_b2s/RD.r_channel_0/rd_data_fifo_0/memory_reg[31][2]_srl32 due to none static srl address bits
WARNING: [Opt 31-1131] Can not pull register out from GateKeeper_BD_i/ps7_0_axi_periph/s00_couplers/auto_pc/inst/gen_axilite.gen_b2s_conv.axilite_b2s/RD.r_channel_0/rd_data_fifo_0/memory_reg[31][30]_srl32 due to none static srl address bits
WARNING: [Opt 31-1131] Can not pull register out from GateKeeper_BD_i/ps7_0_axi_periph/s00_couplers/auto_pc/inst/gen_axilite.gen_b2s_conv.axilite_b2s/RD.r_channel_0/rd_data_fifo_0/memory_reg[31][31]_srl32 due to none static srl address bits
WARNING: [Opt 31-1131] Can not pull register out from GateKeeper_BD_i/ps7_0_axi_periph/s00_couplers/auto_pc/inst/gen_axilite.gen_b2s_conv.axilite_b2s/RD.r_channel_0/rd_data_fifo_0/memory_reg[31][8]_srl32 due to none static srl address bits
WARNING: [Opt 31-1131] Can not pull register out from GateKeeper_BD_i/ps7_0_axi_periph/s00_couplers/auto_pc/inst/gen_axilite.gen_b2s_conv.axilite_b2s/RD.r_channel_0/rd_data_fifo_0/memory_reg[31][9]_srl32 due to none static srl address bits
WARNING: [Opt 31-1131] Can not pull register out from GateKeeper_BD_i/ps7_0_axi_periph/s00_couplers/auto_pc/inst/gen_axilite.gen_b2s_conv.axilite_b2s/RD.r_channel_0/rd_data_fifo_0/memory_reg[31][3]_srl32 due to none static srl address bits
WARNING: [Opt 31-1131] Can not pull register out from GateKeeper_BD_i/ps7_0_axi_periph/s00_couplers/auto_pc/inst/gen_axilite.gen_b2s_conv.axilite_b2s/RD.r_channel_0/rd_data_fifo_0/memory_reg[31][4]_srl32 due to none static srl address bits
WARNING: [Opt 31-1131] Can not pull register out from GateKeeper_BD_i/ps7_0_axi_periph/s00_couplers/auto_pc/inst/gen_axilite.gen_b2s_conv.axilite_b2s/RD.r_channel_0/rd_data_fifo_0/memory_reg[31][5]_srl32 due to none static srl address bits
WARNING: [Opt 31-1131] Can not pull register out from GateKeeper_BD_i/ps7_0_axi_periph/s00_couplers/auto_pc/inst/gen_axilite.gen_b2s_conv.axilite_b2s/RD.r_channel_0/rd_data_fifo_0/memory_reg[31][6]_srl32 due to none static srl address bits
WARNING: [Opt 31-1131] Can not pull register out from GateKeeper_BD_i/ps7_0_axi_periph/s00_couplers/auto_pc/inst/gen_axilite.gen_b2s_conv.axilite_b2s/RD.r_channel_0/rd_data_fifo_0/memory_reg[31][7]_srl32 due to none static srl address bits
WARNING: [Opt 31-1131] Can not pull register out from GateKeeper_BD_i/ps7_0_axi_periph/s00_couplers/auto_pc/inst/gen_axilite.gen_b2s_conv.axilite_b2s/RD.r_channel_0/transaction_fifo_0/memory_reg[31][0]_srl32 due to none static srl address bits
WARNING: [Opt 31-1131] Can not pull register out from GateKeeper_BD_i/ps7_0_axi_periph/s00_couplers/auto_pc/inst/gen_axilite.gen_b2s_conv.axilite_b2s/RD.r_channel_0/transaction_fifo_0/memory_reg[31][10]_srl32 due to none static srl address bits
WARNING: [Opt 31-1131] Can not pull register out from GateKeeper_BD_i/ps7_0_axi_periph/s00_couplers/auto_pc/inst/gen_axilite.gen_b2s_conv.axilite_b2s/RD.r_channel_0/transaction_fifo_0/memory_reg[31][11]_srl32 due to none static srl address bits
WARNING: [Opt 31-1131] Can not pull register out from GateKeeper_BD_i/ps7_0_axi_periph/s00_couplers/auto_pc/inst/gen_axilite.gen_b2s_conv.axilite_b2s/RD.r_channel_0/transaction_fifo_0/memory_reg[31][12]_srl32 due to none static srl address bits
WARNING: [Opt 31-1131] Can not pull register out from GateKeeper_BD_i/ps7_0_axi_periph/s00_couplers/auto_pc/inst/gen_axilite.gen_b2s_conv.axilite_b2s/RD.r_channel_0/transaction_fifo_0/memory_reg[31][1]_srl32 due to none static srl address bits
WARNING: [Opt 31-1131] Can not pull register out from GateKeeper_BD_i/ps7_0_axi_periph/s00_couplers/auto_pc/inst/gen_axilite.gen_b2s_conv.axilite_b2s/RD.r_channel_0/transaction_fifo_0/memory_reg[31][2]_srl32 due to none static srl address bits
WARNING: [Opt 31-1131] Can not pull register out from GateKeeper_BD_i/ps7_0_axi_periph/s00_couplers/auto_pc/inst/gen_axilite.gen_b2s_conv.axilite_b2s/RD.r_channel_0/transaction_fifo_0/memory_reg[31][3]_srl32 due to none static srl address bits
WARNING: [Opt 31-1131] Can not pull register out from GateKeeper_BD_i/ps7_0_axi_periph/s00_couplers/auto_pc/inst/gen_axilite.gen_b2s_conv.axilite_b2s/RD.r_channel_0/transaction_fifo_0/memory_reg[31][4]_srl32 due to none static srl address bits
WARNING: [Opt 31-1131] Can not pull register out from GateKeeper_BD_i/ps7_0_axi_periph/s00_couplers/auto_pc/inst/gen_axilite.gen_b2s_conv.axilite_b2s/RD.r_channel_0/transaction_fifo_0/memory_reg[31][5]_srl32 due to none static srl address bits
WARNING: [Opt 31-1131] Can not pull register out from GateKeeper_BD_i/ps7_0_axi_periph/s00_couplers/auto_pc/inst/gen_axilite.gen_b2s_conv.axilite_b2s/RD.r_channel_0/transaction_fifo_0/memory_reg[31][6]_srl32 due to none static srl address bits
WARNING: [Opt 31-1131] Can not pull register out from GateKeeper_BD_i/ps7_0_axi_periph/s00_couplers/auto_pc/inst/gen_axilite.gen_b2s_conv.axilite_b2s/RD.r_channel_0/transaction_fifo_0/memory_reg[31][7]_srl32 due to none static srl address bits
WARNING: [Opt 31-1131] Can not pull register out from GateKeeper_BD_i/ps7_0_axi_periph/s00_couplers/auto_pc/inst/gen_axilite.gen_b2s_conv.axilite_b2s/RD.r_channel_0/transaction_fifo_0/memory_reg[31][8]_srl32 due to none static srl address bits
WARNING: [Opt 31-1131] Can not pull register out from GateKeeper_BD_i/ps7_0_axi_periph/s00_couplers/auto_pc/inst/gen_axilite.gen_b2s_conv.axilite_b2s/RD.r_channel_0/transaction_fifo_0/memory_reg[31][9]_srl32 due to none static srl address bits
WARNING: [Opt 31-1131] Can not pull register out from GateKeeper_BD_i/ps7_0_axi_periph/s00_couplers/auto_pc/inst/gen_axilite.gen_b2s_conv.axilite_b2s/WR.b_channel_0/bid_fifo_0/memory_reg[3][0]_srl4 due to none static srl address bits
WARNING: [Opt 31-1131] Can not pull register out from GateKeeper_BD_i/ps7_0_axi_periph/s00_couplers/auto_pc/inst/gen_axilite.gen_b2s_conv.axilite_b2s/WR.b_channel_0/bid_fifo_0/memory_reg[3][10]_srl4 due to none static srl address bits
WARNING: [Opt 31-1131] Can not pull register out from GateKeeper_BD_i/ps7_0_axi_periph/s00_couplers/auto_pc/inst/gen_axilite.gen_b2s_conv.axilite_b2s/WR.b_channel_0/bid_fifo_0/memory_reg[3][11]_srl4 due to none static srl address bits
WARNING: [Opt 31-1131] Can not pull register out from GateKeeper_BD_i/ps7_0_axi_periph/s00_couplers/auto_pc/inst/gen_axilite.gen_b2s_conv.axilite_b2s/WR.b_channel_0/bid_fifo_0/memory_reg[3][12]_srl4 due to none static srl address bits
WARNING: [Opt 31-1131] Can not pull register out from GateKeeper_BD_i/ps7_0_axi_periph/s00_couplers/auto_pc/inst/gen_axilite.gen_b2s_conv.axilite_b2s/WR.b_channel_0/bid_fifo_0/memory_reg[3][13]_srl4 due to none static srl address bits
WARNING: [Opt 31-1131] Can not pull register out from GateKeeper_BD_i/ps7_0_axi_periph/s00_couplers/auto_pc/inst/gen_axilite.gen_b2s_conv.axilite_b2s/WR.b_channel_0/bid_fifo_0/memory_reg[3][14]_srl4 due to none static srl address bits
WARNING: [Opt 31-1131] Can not pull register out from GateKeeper_BD_i/ps7_0_axi_periph/s00_couplers/auto_pc/inst/gen_axilite.gen_b2s_conv.axilite_b2s/WR.b_channel_0/bid_fifo_0/memory_reg[3][15]_srl4 due to none static srl address bits
WARNING: [Opt 31-1131] Can not pull register out from GateKeeper_BD_i/ps7_0_axi_periph/s00_couplers/auto_pc/inst/gen_axilite.gen_b2s_conv.axilite_b2s/WR.b_channel_0/bid_fifo_0/memory_reg[3][16]_srl4 due to none static srl address bits
WARNING: [Opt 31-1131] Can not pull register out from GateKeeper_BD_i/ps7_0_axi_periph/s00_couplers/auto_pc/inst/gen_axilite.gen_b2s_conv.axilite_b2s/WR.b_channel_0/bid_fifo_0/memory_reg[3][17]_srl4 due to none static srl address bits
WARNING: [Opt 31-1131] Can not pull register out from GateKeeper_BD_i/ps7_0_axi_periph/s00_couplers/auto_pc/inst/gen_axilite.gen_b2s_conv.axilite_b2s/WR.b_channel_0/bid_fifo_0/memory_reg[3][18]_srl4 due to none static srl address bits
WARNING: [Opt 31-1131] Can not pull register out from GateKeeper_BD_i/ps7_0_axi_periph/s00_couplers/auto_pc/inst/gen_axilite.gen_b2s_conv.axilite_b2s/WR.b_channel_0/bid_fifo_0/memory_reg[3][19]_srl4 due to none static srl address bits
WARNING: [Opt 31-1131] Can not pull register out from GateKeeper_BD_i/ps7_0_axi_periph/s00_couplers/auto_pc/inst/gen_axilite.gen_b2s_conv.axilite_b2s/WR.b_channel_0/bid_fifo_0/memory_reg[3][1]_srl4 due to none static srl address bits
WARNING: [Opt 31-1131] Can not pull register out from GateKeeper_BD_i/ps7_0_axi_periph/s00_couplers/auto_pc/inst/gen_axilite.gen_b2s_conv.axilite_b2s/WR.b_channel_0/bid_fifo_0/memory_reg[3][2]_srl4 due to none static srl address bits
WARNING: [Opt 31-1131] Can not pull register out from GateKeeper_BD_i/ps7_0_axi_periph/s00_couplers/auto_pc/inst/gen_axilite.gen_b2s_conv.axilite_b2s/WR.b_channel_0/bid_fifo_0/memory_reg[3][3]_srl4 due to none static srl address bits
WARNING: [Opt 31-1131] Can not pull register out from GateKeeper_BD_i/ps7_0_axi_periph/s00_couplers/auto_pc/inst/gen_axilite.gen_b2s_conv.axilite_b2s/WR.b_channel_0/bid_fifo_0/memory_reg[3][8]_srl4 due to none static srl address bits
WARNING: [Opt 31-1131] Can not pull register out from GateKeeper_BD_i/ps7_0_axi_periph/s00_couplers/auto_pc/inst/gen_axilite.gen_b2s_conv.axilite_b2s/WR.b_channel_0/bid_fifo_0/memory_reg[3][9]_srl4 due to none static srl address bits
WARNING: [Opt 31-1131] Can not pull register out from GateKeeper_BD_i/ps7_0_axi_periph/s00_couplers/auto_pc/inst/gen_axilite.gen_b2s_conv.axilite_b2s/WR.b_channel_0/bresp_fifo_0/memory_reg[3][0]_srl4 due to none static srl address bits
WARNING: [Opt 31-1131] Can not pull register out from GateKeeper_BD_i/ps7_0_axi_periph/s00_couplers/auto_pc/inst/gen_axilite.gen_b2s_conv.axilite_b2s/WR.b_channel_0/bresp_fifo_0/memory_reg[3][1]_srl4 due to none static srl address bits
INFO: [Opt 31-1064] SRL Remap converted 0 SRLs to 0 registers and converted 0 registers of register chains to 0 SRLs
Phase 7 Shift Register Optimization | Checksum: 7915c0e8

Time (s): cpu = 00:00:01 ; elapsed = 00:00:01 . Memory (MB): peak = 2119.270 ; gain = 0.000
Shift Register Optimization | Checksum: 7915c0e8
INFO: [Opt 31-389] Phase Shift Register Optimization created 0 cells and removed 0 cells

Phase 8 Post Processing Netlist
Phase 8 Post Processing Netlist | Checksum: 11f0e5e03

Time (s): cpu = 00:00:02 ; elapsed = 00:00:01 . Memory (MB): peak = 2119.270 ; gain = 0.000
Post Processing Netlist | Checksum: 11f0e5e03
INFO: [Opt 31-389] Phase Post Processing Netlist created 0 cells and removed 0 cells

Phase 9 Finalization

Phase 9.1 Finalizing Design Cores and Updating Shapes
Phase 9.1 Finalizing Design Cores and Updating Shapes | Checksum: 68c669f5

Time (s): cpu = 00:00:02 ; elapsed = 00:00:02 . Memory (MB): peak = 2119.270 ; gain = 0.000

Phase 9.2 Verifying Netlist Connectivity

Starting Connectivity Check Task

Time (s): cpu = 00:00:00 ; elapsed = 00:00:00.010 . Memory (MB): peak = 2119.270 ; gain = 0.000
Phase 9.2 Verifying Netlist Connectivity | Checksum: 68c669f5

Time (s): cpu = 00:00:02 ; elapsed = 00:00:02 . Memory (MB): peak = 2119.270 ; gain = 0.000
Phase 9 Finalization | Checksum: 68c669f5

Time (s): cpu = 00:00:02 ; elapsed = 00:00:02 . Memory (MB): peak = 2119.270 ; gain = 0.000
Opt_design Change Summary
=========================


-------------------------------------------------------------------------------------------------------------------------
|  Phase                        |  #Cells created  |  #Cells Removed  |  #Constrained objects preventing optimizations  |
-------------------------------------------------------------------------------------------------------------------------
|  Retarget                     |               4  |              29  |                                              6  |
|  Constant propagation         |               0  |               8  |                                              0  |
|  Sweep                        |               0  |             174  |                                              0  |
|  BUFG optimization            |               0  |               0  |                                              0  |
|  Shift Register Optimization  |               0  |               0  |                                              0  |
|  Post Processing Netlist      |               0  |               0  |                                              0  |
-------------------------------------------------------------------------------------------------------------------------


Ending Logic Optimization Task | Checksum: 68c669f5

Time (s): cpu = 00:00:02 ; elapsed = 00:00:02 . Memory (MB): peak = 2119.270 ; gain = 0.000
INFO: [Constraints 18-11670] Building netlist checker database with flags, 0x8
Done building netlist checker database: Time (s): cpu = 00:00:00 ; elapsed = 00:00:00.003 . Memory (MB): peak = 2119.270 ; gain = 0.000

Starting Power Optimization Task
INFO: [Pwropt 34-132] Skipping clock gating for clocks with a period < 2.00 ns.
Ending Power Optimization Task | Checksum: 68c669f5

Time (s): cpu = 00:00:00 ; elapsed = 00:00:00.037 . Memory (MB): peak = 2119.270 ; gain = 0.000

Starting Final Cleanup Task
Ending Final Cleanup Task | Checksum: 68c669f5

Time (s): cpu = 00:00:00 ; elapsed = 00:00:00.006 . Memory (MB): peak = 2119.270 ; gain = 0.000

Starting Netlist Obfuscation Task
Netlist sorting complete. Time (s): cpu = 00:00:00 ; elapsed = 00:00:00.003 . Memory (MB): peak = 2119.270 ; gain = 0.000
Ending Netlist Obfuscation Task | Checksum: 68c669f5

Time (s): cpu = 00:00:00 ; elapsed = 00:00:00.008 . Memory (MB): peak = 2119.270 ; gain = 0.000
INFO: [Common 17-83] Releasing license: Implementation
42 Infos, 63 Warnings, 0 Critical Warnings and 0 Errors encountered.
opt_design completed successfully
opt_design: Time (s): cpu = 00:00:20 ; elapsed = 00:00:22 . Memory (MB): peak = 2119.270 ; gain = 381.148
INFO: [runtcl-4] Executing : report_drc -file GateKeeper_BD_wrapper_drc_opted.rpt -pb GateKeeper_BD_wrapper_drc_opted.pb -rpx GateKeeper_BD_wrapper_drc_opted.rpx
Command: report_drc -file GateKeeper_BD_wrapper_drc_opted.rpt -pb GateKeeper_BD_wrapper_drc_opted.pb -rpx GateKeeper_BD_wrapper_drc_opted.rpx
INFO: [IP_Flow 19-1839] IP Catalog is up to date.
INFO: [DRC 23-27] Running DRC with 2 threads
INFO: [Vivado_Tcl 2-168] The results of DRC are in file C:/Users/danie/Documents/GitHub/GateKeeper/FPGA/GateKeeper/GateKeeper.runs/impl_1/GateKeeper_BD_wrapper_drc_opted.rpt.
report_drc completed successfully
report_drc: Time (s): cpu = 00:00:09 ; elapsed = 00:00:07 . Memory (MB): peak = 2119.270 ; gain = 0.000
INFO: [Timing 38-35] Done setting XDC timing constraints.
INFO: [Timing 38-480] Writing timing data to binary archive.
Write ShapeDB Complete: Time (s): cpu = 00:00:00 ; elapsed = 00:00:00.033 . Memory (MB): peak = 2119.270 ; gain = 0.000
Wrote PlaceDB: Time (s): cpu = 00:00:00 ; elapsed = 00:00:00.070 . Memory (MB): peak = 2119.270 ; gain = 0.000
Wrote PulsedLatchDB: Time (s): cpu = 00:00:00 ; elapsed = 00:00:00.001 . Memory (MB): peak = 2119.270 ; gain = 0.000
Writing XDEF routing.
Writing XDEF routing logical nets.
Writing XDEF routing special nets.
Wrote RouteStorage: Time (s): cpu = 00:00:00 ; elapsed = 00:00:00.091 . Memory (MB): peak = 2119.270 ; gain = 0.000
Wrote Netlist Cache: Time (s): cpu = 00:00:00 ; elapsed = 00:00:00.002 . Memory (MB): peak = 2119.270 ; gain = 0.000
Wrote Device Cache: Time (s): cpu = 00:00:01 ; elapsed = 00:00:00.040 . Memory (MB): peak = 2119.270 ; gain = 0.000
Write Physdb Complete: Time (s): cpu = 00:00:01 ; elapsed = 00:00:00.235 . Memory (MB): peak = 2119.270 ; gain = 0.000
INFO: [Common 17-1381] The checkpoint 'C:/Users/danie/Documents/GitHub/GateKeeper/FPGA/GateKeeper/GateKeeper.runs/impl_1/GateKeeper_BD_wrapper_opt.dcp' has been generated.
Command: place_design
Attempting to get a license for feature 'Implementation' and/or device 'xc7z020'
INFO: [Common 17-349] Got license for feature 'Implementation' and/or device 'xc7z020'
INFO: [Common 17-83] Releasing license: Implementation
INFO: [DRC 23-27] Running DRC with 2 threads
INFO: [Vivado_Tcl 4-198] DRC finished with 0 Errors
INFO: [Vivado_Tcl 4-199] Please refer to the DRC report (report_drc) for more information.
Running DRC as a precondition to command place_design
INFO: [DRC 23-27] Running DRC with 2 threads
INFO: [Vivado_Tcl 4-198] DRC finished with 0 Errors
INFO: [Vivado_Tcl 4-199] Please refer to the DRC report (report_drc) for more information.
INFO: [Place 30-611] Multithreading enabled for place_design using a maximum of 2 CPUs

Starting Placer Task

Phase 1 Placer Initialization

Phase 1.1 Placer Initialization Netlist Sorting
Netlist sorting complete. Time (s): cpu = 00:00:00 ; elapsed = 00:00:00.002 . Memory (MB): peak = 2119.270 ; gain = 0.000
Phase 1.1 Placer Initialization Netlist Sorting | Checksum: 5a57b234

Time (s): cpu = 00:00:00 ; elapsed = 00:00:00.015 . Memory (MB): peak = 2119.270 ; gain = 0.000
Netlist sorting complete. Time (s): cpu = 00:00:00 ; elapsed = 00:00:00.002 . Memory (MB): peak = 2119.270 ; gain = 0.000

Phase 1.2 IO Placement/ Clock Placement/ Build Placer Device
Phase 1.2 IO Placement/ Clock Placement/ Build Placer Device | Checksum: 16905692a

Time (s): cpu = 00:00:02 ; elapsed = 00:00:02 . Memory (MB): peak = 2119.270 ; gain = 0.000

Phase 1.3 Build Placer Netlist Model
Phase 1.3 Build Placer Netlist Model | Checksum: a5fe9d02

Time (s): cpu = 00:00:03 ; elapsed = 00:00:03 . Memory (MB): peak = 2119.270 ; gain = 0.000

Phase 1.4 Constrain Clocks/Macros
Phase 1.4 Constrain Clocks/Macros | Checksum: a5fe9d02

Time (s): cpu = 00:00:03 ; elapsed = 00:00:03 . Memory (MB): peak = 2119.270 ; gain = 0.000
Phase 1 Placer Initialization | Checksum: a5fe9d02

Time (s): cpu = 00:00:03 ; elapsed = 00:00:03 . Memory (MB): peak = 2119.270 ; gain = 0.000

Phase 2 Global Placement

Phase 2.1 Floorplanning
Phase 2.1 Floorplanning | Checksum: 12b93e070

Time (s): cpu = 00:00:04 ; elapsed = 00:00:03 . Memory (MB): peak = 2119.270 ; gain = 0.000

Phase 2.2 Update Timing before SLR Path Opt
Phase 2.2 Update Timing before SLR Path Opt | Checksum: 19352cc5a

Time (s): cpu = 00:00:05 ; elapsed = 00:00:04 . Memory (MB): peak = 2119.270 ; gain = 0.000

Phase 2.3 Post-Processing in Floorplanning
Phase 2.3 Post-Processing in Floorplanning | Checksum: 19352cc5a

Time (s): cpu = 00:00:05 ; elapsed = 00:00:04 . Memory (MB): peak = 2119.270 ; gain = 0.000

Phase 2.4 Global Placement Core

Phase 2.4.1 UpdateTiming Before Physical Synthesis
Phase 2.4.1 UpdateTiming Before Physical Synthesis | Checksum: 17aa8afd1

Time (s): cpu = 00:00:13 ; elapsed = 00:00:09 . Memory (MB): peak = 2119.270 ; gain = 0.000

Phase 2.4.2 Physical Synthesis In Placer
INFO: [Physopt 32-1035] Found 0 LUTNM shape to break, 29 LUT instances to create LUTNM shape
INFO: [Physopt 32-1044] Break lutnm for timing: one critical 0, two critical 0, total 0, new lutff created 0
INFO: [Physopt 32-1138] End 1 Pass. Optimized 12 nets or LUTs. Breaked 0 LUT, combined 12 existing LUTs and moved 0 existing LUT
INFO: [Physopt 32-65] No nets found for high-fanout optimization.
INFO: [Physopt 32-232] Optimized 0 net. Created 0 new instance.
INFO: [Physopt 32-775] End 1 Pass. Optimized 0 net or cell. Created 0 new cell, deleted 0 existing cell and moved 0 existing cell
INFO: [Physopt 32-670] No setup violation found.  DSP Register Optimization was not performed.
INFO: [Physopt 32-670] No setup violation found.  Shift Register to Pipeline Optimization was not performed.
INFO: [Physopt 32-670] No setup violation found.  Shift Register Optimization was not performed.
INFO: [Physopt 32-670] No setup violation found.  BRAM Register Optimization was not performed.
INFO: [Physopt 32-670] No setup violation found.  URAM Register Optimization was not performed.
INFO: [Physopt 32-949] No candidate nets found for dynamic/static region interface net replication
INFO: [Physopt 32-775] End 1 Pass. Optimized 0 net or cell. Created 0 new cell, deleted 0 existing cell and moved 0 existing cell
Netlist sorting complete. Time (s): cpu = 00:00:00 ; elapsed = 00:00:00.002 . Memory (MB): peak = 2119.270 ; gain = 0.000

Summary of Physical Synthesis Optimizations
============================================


-----------------------------------------------------------------------------------------------------------------------------------------------------------
|  Optimization                                     |  Added Cells  |  Removed Cells  |  Optimized Cells/Nets  |  Dont Touch  |  Iterations  |  Elapsed   |
-----------------------------------------------------------------------------------------------------------------------------------------------------------
|  LUT Combining                                    |            0  |             12  |                    12  |           0  |           1  |  00:00:00  |
|  Retime                                           |            0  |              0  |                     0  |           0  |           1  |  00:00:00  |
|  Very High Fanout                                 |            0  |              0  |                     0  |           0  |           1  |  00:00:00  |
|  DSP Register                                     |            0  |              0  |                     0  |           0  |           0  |  00:00:00  |
|  Shift Register to Pipeline                       |            0  |              0  |                     0  |           0  |           0  |  00:00:00  |
|  Shift Register                                   |            0  |              0  |                     0  |           0  |           0  |  00:00:00  |
|  BRAM Register                                    |            0  |              0  |                     0  |           0  |           0  |  00:00:00  |
|  URAM Register                                    |            0  |              0  |                     0  |           0  |           0  |  00:00:00  |
|  Dynamic/Static Region Interface Net Replication  |            0  |              0  |                     0  |           0  |           1  |  00:00:00  |
|  Total                                            |            0  |             12  |                    12  |           0  |           4  |  00:00:00  |
-----------------------------------------------------------------------------------------------------------------------------------------------------------


Phase 2.4.2 Physical Synthesis In Placer | Checksum: 10296d007

Time (s): cpu = 00:00:14 ; elapsed = 00:00:10 . Memory (MB): peak = 2119.270 ; gain = 0.000
Phase 2.4 Global Placement Core | Checksum: c5072cef

Time (s): cpu = 00:00:15 ; elapsed = 00:00:10 . Memory (MB): peak = 2119.270 ; gain = 0.000
Phase 2 Global Placement | Checksum: c5072cef

Time (s): cpu = 00:00:15 ; elapsed = 00:00:10 . Memory (MB): peak = 2119.270 ; gain = 0.000

Phase 3 Detail Placement

Phase 3.1 Commit Multi Column Macros
Phase 3.1 Commit Multi Column Macros | Checksum: 117fec528

Time (s): cpu = 00:00:15 ; elapsed = 00:00:11 . Memory (MB): peak = 2119.270 ; gain = 0.000

Phase 3.2 Commit Most Macros & LUTRAMs
Phase 3.2 Commit Most Macros & LUTRAMs | Checksum: a4651c94

Time (s): cpu = 00:00:16 ; elapsed = 00:00:11 . Memory (MB): peak = 2119.270 ; gain = 0.000

Phase 3.3 Area Swap Optimization
Phase 3.3 Area Swap Optimization | Checksum: d7f4edac

Time (s): cpu = 00:00:16 ; elapsed = 00:00:11 . Memory (MB): peak = 2119.270 ; gain = 0.000

Phase 3.4 Pipeline Register Optimization
Phase 3.4 Pipeline Register Optimization | Checksum: 1582c2bbf

Time (s): cpu = 00:00:16 ; elapsed = 00:00:11 . Memory (MB): peak = 2119.270 ; gain = 0.000

Phase 3.5 Small Shape Detail Placement
Phase 3.5 Small Shape Detail Placement | Checksum: 166d08152

Time (s): cpu = 00:00:18 ; elapsed = 00:00:13 . Memory (MB): peak = 2119.270 ; gain = 0.000

Phase 3.6 Re-assign LUT pins
Phase 3.6 Re-assign LUT pins | Checksum: 10a0e454d

Time (s): cpu = 00:00:18 ; elapsed = 00:00:13 . Memory (MB): peak = 2119.270 ; gain = 0.000

Phase 3.7 Pipeline Register Optimization
Phase 3.7 Pipeline Register Optimization | Checksum: 89c80620

Time (s): cpu = 00:00:18 ; elapsed = 00:00:13 . Memory (MB): peak = 2119.270 ; gain = 0.000
Phase 3 Detail Placement | Checksum: 89c80620

Time (s): cpu = 00:00:18 ; elapsed = 00:00:13 . Memory (MB): peak = 2119.270 ; gain = 0.000

Phase 4 Post Placement Optimization and Clean-Up

Phase 4.1 Post Commit Optimization
INFO: [Timing 38-35] Done setting XDC timing constraints.

Phase 4.1.1 Post Placement Optimization
Post Placement Optimization Initialization | Checksum: 122cfc7dc

Phase 4.1.1.1 BUFG Insertion

Starting Physical Synthesis Task

Phase 1 Physical Synthesis Initialization
INFO: [Physopt 32-721] Multithreading enabled for phys_opt_design using a maximum of 2 CPUs
INFO: [Physopt 32-619] Estimated Timing Summary | WNS=2.307 | TNS=0.000 |
Phase 1 Physical Synthesis Initialization | Checksum: d41354ed

Time (s): cpu = 00:00:01 ; elapsed = 00:00:00.294 . Memory (MB): peak = 2119.270 ; gain = 0.000
INFO: [Place 46-56] BUFG insertion identified 0 candidate nets. Inserted BUFG: 0, Replicated BUFG Driver: 0, Skipped due to Placement/Routing Conflicts: 0, Skipped due to Timing Degradation: 0, Skipped due to netlist editing failed: 0.
Ending Physical Synthesis Task | Checksum: d41354ed

Time (s): cpu = 00:00:01 ; elapsed = 00:00:00.351 . Memory (MB): peak = 2119.270 ; gain = 0.000
Phase 4.1.1.1 BUFG Insertion | Checksum: 122cfc7dc

Time (s): cpu = 00:00:21 ; elapsed = 00:00:15 . Memory (MB): peak = 2119.270 ; gain = 0.000

Phase 4.1.1.2 Post Placement Timing Optimization
INFO: [Place 30-746] Post Placement Timing Summary WNS=2.307. For the most accurate timing information please run report_timing.
Phase 4.1.1.2 Post Placement Timing Optimization | Checksum: 19c29a5b0

Time (s): cpu = 00:00:21 ; elapsed = 00:00:15 . Memory (MB): peak = 2119.270 ; gain = 0.000

Time (s): cpu = 00:00:21 ; elapsed = 00:00:15 . Memory (MB): peak = 2119.270 ; gain = 0.000
Phase 4.1 Post Commit Optimization | Checksum: 19c29a5b0

Time (s): cpu = 00:00:21 ; elapsed = 00:00:15 . Memory (MB): peak = 2119.270 ; gain = 0.000

Phase 4.2 Post Placement Cleanup
Phase 4.2 Post Placement Cleanup | Checksum: 19c29a5b0

Time (s): cpu = 00:00:21 ; elapsed = 00:00:15 . Memory (MB): peak = 2119.270 ; gain = 0.000

Phase 4.3 Placer Reporting

Phase 4.3.1 Print Estimated Congestion
INFO: [Place 30-612] Post-Placement Estimated Congestion 
 ____________________________________________________
|           | Global Congestion | Short Congestion  |
| Direction | Region Size       | Region Size       |
|___________|___________________|___________________|
|      North|                1x1|                1x1|
|___________|___________________|___________________|
|      South|                1x1|                1x1|
|___________|___________________|___________________|
|       East|                1x1|                1x1|
|___________|___________________|___________________|
|       West|                1x1|                1x1|
|___________|___________________|___________________|

Phase 4.3.1 Print Estimated Congestion | Checksum: 19c29a5b0

Time (s): cpu = 00:00:21 ; elapsed = 00:00:15 . Memory (MB): peak = 2119.270 ; gain = 0.000
Phase 4.3 Placer Reporting | Checksum: 19c29a5b0

Time (s): cpu = 00:00:21 ; elapsed = 00:00:15 . Memory (MB): peak = 2119.270 ; gain = 0.000

Phase 4.4 Final Placement Cleanup
Netlist sorting complete. Time (s): cpu = 00:00:00 ; elapsed = 00:00:00.003 . Memory (MB): peak = 2119.270 ; gain = 0.000

Time (s): cpu = 00:00:21 ; elapsed = 00:00:15 . Memory (MB): peak = 2119.270 ; gain = 0.000
Phase 4 Post Placement Optimization and Clean-Up | Checksum: 134104e76

Time (s): cpu = 00:00:21 ; elapsed = 00:00:15 . Memory (MB): peak = 2119.270 ; gain = 0.000
Ending Placer Task | Checksum: 5d8b45f2

Time (s): cpu = 00:00:21 ; elapsed = 00:00:15 . Memory (MB): peak = 2119.270 ; gain = 0.000
77 Infos, 63 Warnings, 0 Critical Warnings and 0 Errors encountered.
place_design completed successfully
place_design: Time (s): cpu = 00:00:28 ; elapsed = 00:00:19 . Memory (MB): peak = 2119.270 ; gain = 0.000
INFO: [runtcl-4] Executing : report_io -file GateKeeper_BD_wrapper_io_placed.rpt
report_io: Time (s): cpu = 00:00:00 ; elapsed = 00:00:00.334 . Memory (MB): peak = 2119.270 ; gain = 0.000
INFO: [runtcl-4] Executing : report_utilization -file GateKeeper_BD_wrapper_utilization_placed.rpt -pb GateKeeper_BD_wrapper_utilization_placed.pb
INFO: [runtcl-4] Executing : report_control_sets -verbose -file GateKeeper_BD_wrapper_control_sets_placed.rpt
report_control_sets: Time (s): cpu = 00:00:00 ; elapsed = 00:00:00.023 . Memory (MB): peak = 2119.270 ; gain = 0.000
INFO: [Timing 38-480] Writing timing data to binary archive.
Write ShapeDB Complete: Time (s): cpu = 00:00:00 ; elapsed = 00:00:00.042 . Memory (MB): peak = 2120.656 ; gain = 0.938
Wrote PlaceDB: Time (s): cpu = 00:00:01 ; elapsed = 00:00:00.422 . Memory (MB): peak = 2120.656 ; gain = 0.000
Wrote PulsedLatchDB: Time (s): cpu = 00:00:00 ; elapsed = 00:00:00 . Memory (MB): peak = 2120.656 ; gain = 0.000
Writing XDEF routing.
Writing XDEF routing logical nets.
Writing XDEF routing special nets.
Wrote RouteStorage: Time (s): cpu = 00:00:00 ; elapsed = 00:00:00.089 . Memory (MB): peak = 2120.656 ; gain = 0.000
Wrote Netlist Cache: Time (s): cpu = 00:00:01 ; elapsed = 00:00:00.008 . Memory (MB): peak = 2120.656 ; gain = 0.000
Wrote Device Cache: Time (s): cpu = 00:00:00 ; elapsed = 00:00:00.040 . Memory (MB): peak = 2120.656 ; gain = 0.000
Write Physdb Complete: Time (s): cpu = 00:00:02 ; elapsed = 00:00:00.602 . Memory (MB): peak = 2120.656 ; gain = 0.938
INFO: [Common 17-1381] The checkpoint 'C:/Users/danie/Documents/GitHub/GateKeeper/FPGA/GateKeeper/GateKeeper.runs/impl_1/GateKeeper_BD_wrapper_placed.dcp' has been generated.
Command: phys_opt_design
Attempting to get a license for feature 'Implementation' and/or device 'xc7z020'
INFO: [Common 17-349] Got license for feature 'Implementation' and/or device 'xc7z020'

Starting Initial Update Timing Task

Time (s): cpu = 00:00:02 ; elapsed = 00:00:00.778 . Memory (MB): peak = 2131.137 ; gain = 10.480
INFO: [Vivado_Tcl 4-383] Design worst setup slack (WNS) is greater than or equal to 0.000 ns. Skipping all physical synthesis optimizations.
INFO: [Vivado_Tcl 4-232] No setup violation found. The netlist was not modified.
INFO: [Common 17-83] Releasing license: Implementation
86 Infos, 63 Warnings, 0 Critical Warnings and 0 Errors encountered.
phys_opt_design completed successfully
INFO: [Timing 38-480] Writing timing data to binary archive.
Write ShapeDB Complete: Time (s): cpu = 00:00:00 ; elapsed = 00:00:00.044 . Memory (MB): peak = 2149.039 ; gain = 0.000
Wrote PlaceDB: Time (s): cpu = 00:00:01 ; elapsed = 00:00:00.430 . Memory (MB): peak = 2149.039 ; gain = 0.000
Wrote PulsedLatchDB: Time (s): cpu = 00:00:00 ; elapsed = 00:00:00 . Memory (MB): peak = 2149.039 ; gain = 0.000
Writing XDEF routing.
Writing XDEF routing logical nets.
Writing XDEF routing special nets.
Wrote RouteStorage: Time (s): cpu = 00:00:01 ; elapsed = 00:00:00.098 . Memory (MB): peak = 2149.039 ; gain = 0.000
Wrote Netlist Cache: Time (s): cpu = 00:00:00 ; elapsed = 00:00:00.009 . Memory (MB): peak = 2149.039 ; gain = 0.000
Wrote Device Cache: Time (s): cpu = 00:00:00 ; elapsed = 00:00:00.049 . Memory (MB): peak = 2149.039 ; gain = 0.000
Write Physdb Complete: Time (s): cpu = 00:00:02 ; elapsed = 00:00:00.622 . Memory (MB): peak = 2149.039 ; gain = 0.000
INFO: [Common 17-1381] The checkpoint 'C:/Users/danie/Documents/GitHub/GateKeeper/FPGA/GateKeeper/GateKeeper.runs/impl_1/GateKeeper_BD_wrapper_physopt.dcp' has been generated.
Command: route_design
Attempting to get a license for feature 'Implementation' and/or device 'xc7z020'
INFO: [Common 17-349] Got license for feature 'Implementation' and/or device 'xc7z020'
Running DRC as a precondition to command route_design
INFO: [DRC 23-27] Running DRC with 2 threads
INFO: [Vivado_Tcl 4-198] DRC finished with 0 Errors
INFO: [Vivado_Tcl 4-199] Please refer to the DRC report (report_drc) for more information.


Starting Routing Task
INFO: [Route 35-254] Multithreading enabled for route_design using a maximum of 8 CPUs

Phase 1 Build RT Design
Checksum: PlaceDB: 4853e6a7 ConstDB: 0 ShapeSum: 15375f4b RouteDB: 0
Post Restoration Checksum: NetGraph: 71f0ceb9 | NumContArr: a52039f8 | Constraints: c2a8fa9d | Timing: c2a8fa9d
Phase 1 Build RT Design | Checksum: 29c62fdeb

Time (s): cpu = 00:01:39 ; elapsed = 00:01:33 . Memory (MB): peak = 2269.090 ; gain = 110.941

Phase 2 Router Initialization

Phase 2.1 Fix Topology Constraints
Phase 2.1 Fix Topology Constraints | Checksum: 29c62fdeb

Time (s): cpu = 00:01:39 ; elapsed = 00:01:33 . Memory (MB): peak = 2269.090 ; gain = 110.941

Phase 2.2 Pre Route Cleanup
Phase 2.2 Pre Route Cleanup | Checksum: 29c62fdeb

Time (s): cpu = 00:01:39 ; elapsed = 00:01:33 . Memory (MB): peak = 2269.090 ; gain = 110.941
 Number of Nodes with overlaps = 0

Phase 2.3 Update Timing
Phase 2.3 Update Timing | Checksum: 2144bfb8a

Time (s): cpu = 00:01:44 ; elapsed = 00:01:36 . Memory (MB): peak = 2336.199 ; gain = 178.051
INFO: [Route 35-416] Intermediate Timing Summary | WNS=2.369  | TNS=0.000  | WHS=-0.312 | THS=-27.138|


Router Utilization Summary
  Global Vertical Routing Utilization    = 0 %
  Global Horizontal Routing Utilization  = 0 %
  Routable Net Status*
  *Does not include unroutable nets such as driverless and loadless.
  Run report_route_status for detailed report.
  Number of Failed Nets               = 1427
    (Failed Nets is the sum of unrouted and partially routed nets)
  Number of Unrouted Nets             = 1427
  Number of Partially Routed Nets     = 0
  Number of Node Overlaps             = 0

Phase 2 Router Initialization | Checksum: 24886d0d0

Time (s): cpu = 00:01:46 ; elapsed = 00:01:37 . Memory (MB): peak = 2347.656 ; gain = 189.508

Phase 3 Initial Routing

Phase 3.1 Global Routing
Phase 3.1 Global Routing | Checksum: 24886d0d0

Time (s): cpu = 00:01:46 ; elapsed = 00:01:37 . Memory (MB): peak = 2347.656 ; gain = 189.508

Phase 3.2 Initial Net Routing
Phase 3.2 Initial Net Routing | Checksum: 22155d4d0

Time (s): cpu = 00:01:47 ; elapsed = 00:01:37 . Memory (MB): peak = 2347.656 ; gain = 189.508
Phase 3 Initial Routing | Checksum: 22155d4d0

Time (s): cpu = 00:01:47 ; elapsed = 00:01:37 . Memory (MB): peak = 2347.656 ; gain = 189.508

Phase 4 Rip-up And Reroute

Phase 4.1 Global Iteration 0
 Number of Nodes with overlaps = 94
 Number of Nodes with overlaps = 4
 Number of Nodes with overlaps = 0
INFO: [Route 35-416] Intermediate Timing Summary | WNS=3.136  | TNS=0.000  | WHS=N/A    | THS=N/A    |

Phase 4.1 Global Iteration 0 | Checksum: 2964e8929

Time (s): cpu = 00:01:49 ; elapsed = 00:01:38 . Memory (MB): peak = 2347.656 ; gain = 189.508

Phase 4.2 Global Iteration 1
 Number of Nodes with overlaps = 0
INFO: [Route 35-416] Intermediate Timing Summary | WNS=3.136  | TNS=0.000  | WHS=N/A    | THS=N/A    |

Phase 4.2 Global Iteration 1 | Checksum: 1d32775ec

Time (s): cpu = 00:01:49 ; elapsed = 00:01:39 . Memory (MB): peak = 2347.656 ; gain = 189.508
Phase 4 Rip-up And Reroute | Checksum: 1d32775ec

Time (s): cpu = 00:01:50 ; elapsed = 00:01:39 . Memory (MB): peak = 2347.656 ; gain = 189.508

Phase 5 Delay and Skew Optimization

Phase 5.1 Delay CleanUp

Phase 5.1.1 Update Timing
Phase 5.1.1 Update Timing | Checksum: 274114787

Time (s): cpu = 00:01:50 ; elapsed = 00:01:39 . Memory (MB): peak = 2347.656 ; gain = 189.508
INFO: [Route 35-416] Intermediate Timing Summary | WNS=3.251  | TNS=0.000  | WHS=N/A    | THS=N/A    |

Phase 5.1 Delay CleanUp | Checksum: 274114787

Time (s): cpu = 00:01:50 ; elapsed = 00:01:39 . Memory (MB): peak = 2347.656 ; gain = 189.508

Phase 5.2 Clock Skew Optimization
Phase 5.2 Clock Skew Optimization | Checksum: 274114787

Time (s): cpu = 00:01:50 ; elapsed = 00:01:39 . Memory (MB): peak = 2347.656 ; gain = 189.508
Phase 5 Delay and Skew Optimization | Checksum: 274114787

Time (s): cpu = 00:01:50 ; elapsed = 00:01:39 . Memory (MB): peak = 2347.656 ; gain = 189.508

Phase 6 Post Hold Fix

Phase 6.1 Hold Fix Iter

Phase 6.1.1 Update Timing
Phase 6.1.1 Update Timing | Checksum: 2752fa7c6

Time (s): cpu = 00:01:50 ; elapsed = 00:01:39 . Memory (MB): peak = 2347.656 ; gain = 189.508
INFO: [Route 35-416] Intermediate Timing Summary | WNS=3.251  | TNS=0.000  | WHS=0.046  | THS=0.000  |

Phase 6.1 Hold Fix Iter | Checksum: 219aaf03d

Time (s): cpu = 00:01:51 ; elapsed = 00:01:39 . Memory (MB): peak = 2347.656 ; gain = 189.508
Phase 6 Post Hold Fix | Checksum: 219aaf03d

Time (s): cpu = 00:01:51 ; elapsed = 00:01:39 . Memory (MB): peak = 2347.656 ; gain = 189.508

Phase 7 Route finalize

Router Utilization Summary
  Global Vertical Routing Utilization    = 0.286994 %
  Global Horizontal Routing Utilization  = 0.238928 %
  Routable Net Status*
  *Does not include unroutable nets such as driverless and loadless.
  Run report_route_status for detailed report.
  Number of Failed Nets               = 0
    (Failed Nets is the sum of unrouted and partially routed nets)
  Number of Unrouted Nets             = 0
  Number of Partially Routed Nets     = 0
  Number of Node Overlaps             = 0

Phase 7 Route finalize | Checksum: 219aaf03d

Time (s): cpu = 00:01:51 ; elapsed = 00:01:39 . Memory (MB): peak = 2347.656 ; gain = 189.508

Phase 8 Verifying routed nets

 Verification completed successfully
Phase 8 Verifying routed nets | Checksum: 219aaf03d

Time (s): cpu = 00:01:51 ; elapsed = 00:01:39 . Memory (MB): peak = 2347.656 ; gain = 189.508

Phase 9 Depositing Routes
Phase 9 Depositing Routes | Checksum: 1ee54e2bc

Time (s): cpu = 00:01:51 ; elapsed = 00:01:40 . Memory (MB): peak = 2347.656 ; gain = 189.508

Phase 10 Post Router Timing
INFO: [Route 35-57] Estimated Timing Summary | WNS=3.251  | TNS=0.000  | WHS=0.046  | THS=0.000  |

INFO: [Route 35-327] The final timing numbers are based on the router estimated timing analysis. For a complete and accurate timing signoff, please run report_timing_summary.
Phase 10 Post Router Timing | Checksum: 1ee54e2bc

Time (s): cpu = 00:01:52 ; elapsed = 00:01:40 . Memory (MB): peak = 2347.656 ; gain = 189.508
INFO: [Route 35-16] Router Completed Successfully

Phase 11 Post-Route Event Processing
Phase 11 Post-Route Event Processing | Checksum: 1927e8a9c

Time (s): cpu = 00:01:52 ; elapsed = 00:01:40 . Memory (MB): peak = 2347.656 ; gain = 189.508
Ending Routing Task | Checksum: 1927e8a9c

Time (s): cpu = 00:01:52 ; elapsed = 00:01:40 . Memory (MB): peak = 2347.656 ; gain = 189.508

Routing Is Done.
INFO: [Common 17-83] Releasing license: Implementation
102 Infos, 63 Warnings, 0 Critical Warnings and 0 Errors encountered.
route_design completed successfully
route_design: Time (s): cpu = 00:02:00 ; elapsed = 00:01:46 . Memory (MB): peak = 2347.656 ; gain = 198.617
INFO: [runtcl-4] Executing : report_drc -file GateKeeper_BD_wrapper_drc_routed.rpt -pb GateKeeper_BD_wrapper_drc_routed.pb -rpx GateKeeper_BD_wrapper_drc_routed.rpx
Command: report_drc -file GateKeeper_BD_wrapper_drc_routed.rpt -pb GateKeeper_BD_wrapper_drc_routed.pb -rpx GateKeeper_BD_wrapper_drc_routed.rpx
INFO: [IP_Flow 19-1839] IP Catalog is up to date.
INFO: [DRC 23-27] Running DRC with 2 threads
INFO: [Vivado_Tcl 2-168] The results of DRC are in file C:/Users/danie/Documents/GitHub/GateKeeper/FPGA/GateKeeper/GateKeeper.runs/impl_1/GateKeeper_BD_wrapper_drc_routed.rpt.
report_drc completed successfully
report_drc: Time (s): cpu = 00:00:09 ; elapsed = 00:00:06 . Memory (MB): peak = 2347.656 ; gain = 0.000
INFO: [runtcl-4] Executing : report_methodology -file GateKeeper_BD_wrapper_methodology_drc_routed.rpt -pb GateKeeper_BD_wrapper_methodology_drc_routed.pb -rpx GateKeeper_BD_wrapper_methodology_drc_routed.rpx
Command: report_methodology -file GateKeeper_BD_wrapper_methodology_drc_routed.rpt -pb GateKeeper_BD_wrapper_methodology_drc_routed.pb -rpx GateKeeper_BD_wrapper_methodology_drc_routed.rpx
INFO: [Timing 38-35] Done setting XDC timing constraints.
INFO: [DRC 23-133] Running Methodology with 2 threads
INFO: [Vivado_Tcl 2-1520] The results of Report Methodology are in file C:/Users/danie/Documents/GitHub/GateKeeper/FPGA/GateKeeper/GateKeeper.runs/impl_1/GateKeeper_BD_wrapper_methodology_drc_routed.rpt.
report_methodology completed successfully
INFO: [runtcl-4] Executing : report_power -file GateKeeper_BD_wrapper_power_routed.rpt -pb GateKeeper_BD_wrapper_power_summary_routed.pb -rpx GateKeeper_BD_wrapper_power_routed.rpx
Command: report_power -file GateKeeper_BD_wrapper_power_routed.rpt -pb GateKeeper_BD_wrapper_power_summary_routed.pb -rpx GateKeeper_BD_wrapper_power_routed.rpx
INFO: [Timing 38-35] Done setting XDC timing constraints.
Running Vector-less Activity Propagation...

Finished Running Vector-less Activity Propagation
112 Infos, 63 Warnings, 0 Critical Warnings and 0 Errors encountered.
report_power completed successfully
INFO: [runtcl-4] Executing : report_route_status -file GateKeeper_BD_wrapper_route_status.rpt -pb GateKeeper_BD_wrapper_route_status.pb
INFO: [runtcl-4] Executing : report_timing_summary -max_paths 10 -report_unconstrained -file GateKeeper_BD_wrapper_timing_summary_routed.rpt -pb GateKeeper_BD_wrapper_timing_summary_routed.pb -rpx GateKeeper_BD_wrapper_timing_summary_routed.rpx -warn_on_violation 
INFO: [Timing 38-91] UpdateTimingParams: Speed grade: -1, Delay Type: min_max.
INFO: [Timing 38-191] Multithreading enabled for timing update using a maximum of 2 CPUs
INFO: [runtcl-4] Executing : report_incremental_reuse -file GateKeeper_BD_wrapper_incremental_reuse_routed.rpt
INFO: [Vivado_Tcl 4-1062] Incremental flow is disabled. No incremental reuse Info to report.
INFO: [runtcl-4] Executing : report_clock_utilization -file GateKeeper_BD_wrapper_clock_utilization_routed.rpt
INFO: [runtcl-4] Executing : report_bus_skew -warn_on_violation -file GateKeeper_BD_wrapper_bus_skew_routed.rpt -pb GateKeeper_BD_wrapper_bus_skew_routed.pb -rpx GateKeeper_BD_wrapper_bus_skew_routed.rpx
INFO: [Timing 38-91] UpdateTimingParams: Speed grade: -1, Delay Type: min_max.
INFO: [Timing 38-191] Multithreading enabled for timing update using a maximum of 2 CPUs
INFO: [Timing 38-480] Writing timing data to binary archive.
Write ShapeDB Complete: Time (s): cpu = 00:00:00 ; elapsed = 00:00:00.037 . Memory (MB): peak = 2347.656 ; gain = 0.000
Wrote PlaceDB: Time (s): cpu = 00:00:02 ; elapsed = 00:00:00.396 . Memory (MB): peak = 2347.656 ; gain = 0.000
Wrote PulsedLatchDB: Time (s): cpu = 00:00:00 ; elapsed = 00:00:00 . Memory (MB): peak = 2347.656 ; gain = 0.000
Writing XDEF routing.
Writing XDEF routing logical nets.
Writing XDEF routing special nets.
Wrote RouteStorage: Time (s): cpu = 00:00:00 ; elapsed = 00:00:00.152 . Memory (MB): peak = 2347.656 ; gain = 0.000
Wrote Netlist Cache: Time (s): cpu = 00:00:00 ; elapsed = 00:00:00.008 . Memory (MB): peak = 2347.656 ; gain = 0.000
Wrote Device Cache: Time (s): cpu = 00:00:00 ; elapsed = 00:00:00.036 . Memory (MB): peak = 2347.656 ; gain = 0.000
Write Physdb Complete: Time (s): cpu = 00:00:02 ; elapsed = 00:00:00.629 . Memory (MB): peak = 2347.656 ; gain = 0.000
INFO: [Common 17-1381] The checkpoint 'C:/Users/danie/Documents/GitHub/GateKeeper/FPGA/GateKeeper/GateKeeper.runs/impl_1/GateKeeper_BD_wrapper_routed.dcp' has been generated.
Command: write_bitstream -force GateKeeper_BD_wrapper.bit -bin_file
Attempting to get a license for feature 'Implementation' and/or device 'xc7z020'
INFO: [Common 17-349] Got license for feature 'Implementation' and/or device 'xc7z020'
Running DRC as a precondition to command write_bitstream
INFO: [IP_Flow 19-1839] IP Catalog is up to date.
INFO: [DRC 23-27] Running DRC with 2 threads
INFO: [Vivado 12-3199] DRC finished with 0 Errors
INFO: [Vivado 12-3200] Please refer to the DRC report (report_drc) for more information.
INFO: [Designutils 20-2272] Running write_bitstream with 2 threads.
Loading data files...
Loading site data...
Loading route data...
Processing options...
Creating bitmap...
Creating bitstream...
Writing bitstream ./GateKeeper_BD_wrapper.bit...
Writing bitstream ./GateKeeper_BD_wrapper.bin...
INFO: [Vivado 12-1842] Bitgen Completed Successfully.
INFO: [Common 17-83] Releasing license: Implementation
13 Infos, 0 Warnings, 0 Critical Warnings and 0 Errors encountered.
write_bitstream completed successfully
write_bitstream: Time (s): cpu = 00:00:49 ; elapsed = 00:00:43 . Memory (MB): peak = 2745.680 ; gain = 398.023
INFO: [Common 17-206] Exiting Vivado at Fri Mar 28 12:25:52 2025...
