
*** Running vivado
    with args -log GateKeeper_BD_control_parametros_0_0.vds -m64 -product Vivado -mode batch -messageDb vivado.pb -notrace -source GateKeeper_BD_control_parametros_0_0.tcl



****** Vivado v2023.2 (64-bit)
  **** SW Build 4029153 on Fri Oct 13 20:14:34 MDT 2023
  **** IP Build 4028589 on Sat Oct 14 00:45:43 MDT 2023
  **** SharedData Build 4025554 on Tue Oct 10 17:18:54 MDT 2023
    ** Copyright 1986-2022 Xilinx, Inc. All Rights Reserved.
    ** Copyright 2022-2023 Advanced Micro Devices, Inc. All Rights Reserved.

source GateKeeper_BD_control_parametros_0_0.tcl -notrace
create_project: Time (s): cpu = 00:00:17 ; elapsed = 00:00:18 . Memory (MB): peak = 555.695 ; gain = 182.289
INFO: [IP_Flow 19-234] Refreshing IP repositories
INFO: [IP_Flow 19-1704] No user IP repositories specified
INFO: [IP_Flow 19-2313] Loaded Vivado IP repository 'C:/Xilinx/Vivado/2023.2/data/ip'.
INFO: [IP_Flow 19-6924] IPCACHE: Running cache check for IP inst: GateKeeper_BD_control_parametros_0_0
Command: synth_design -top GateKeeper_BD_control_parametros_0_0 -part xc7z020clg484-1 -incremental_mode off -mode out_of_context
Starting synth_design
Attempting to get a license for feature 'Synthesis' and/or device 'xc7z020'
INFO: [Common 17-349] Got license for feature 'Synthesis' and/or device 'xc7z020'
INFO: [Device 21-403] Loading part xc7z020clg484-1
INFO: [Synth 8-7079] Multithreading enabled for synth_design using a maximum of 2 processes.
INFO: [Synth 8-7078] Launching helper process for spawning children vivado processes
INFO: [Synth 8-7075] Helper process launched with PID 6420
---------------------------------------------------------------------------------
Starting RTL Elaboration : Time (s): cpu = 00:00:16 ; elapsed = 00:00:18 . Memory (MB): peak = 1434.672 ; gain = 439.777
---------------------------------------------------------------------------------
INFO: [Synth 8-11241] undeclared symbol 'os_readyRx', assumed default net type 'wire' [C:/Users/danie/Documents/GitHub/GateKeeper/FPGA/GateKeeper/srcs/control_parametros.v:33]
INFO: [Synth 8-6157] synthesizing module 'GateKeeper_BD_control_parametros_0_0' [c:/Users/danie/Documents/GitHub/GateKeeper/FPGA/GateKeeper/BD/GateKeeper_BD/ip/GateKeeper_BD_control_parametros_0_0/synth/GateKeeper_BD_control_parametros_0_0.v:53]
INFO: [Synth 8-6157] synthesizing module 'control_parametros' [C:/Users/danie/Documents/GitHub/GateKeeper/FPGA/GateKeeper/srcs/control_parametros.v:21]
INFO: [Synth 8-6157] synthesizing module 'OneShot' [C:/Users/danie/Documents/GitHub/GateKeeper/FPGA/GateKeeper/srcs/OneShot.v:21]
INFO: [Synth 8-6155] done synthesizing module 'OneShot' (0#1) [C:/Users/danie/Documents/GitHub/GateKeeper/FPGA/GateKeeper/srcs/OneShot.v:21]
INFO: [Synth 8-6155] done synthesizing module 'control_parametros' (0#1) [C:/Users/danie/Documents/GitHub/GateKeeper/FPGA/GateKeeper/srcs/control_parametros.v:21]
INFO: [Synth 8-6155] done synthesizing module 'GateKeeper_BD_control_parametros_0_0' (0#1) [c:/Users/danie/Documents/GitHub/GateKeeper/FPGA/GateKeeper/BD/GateKeeper_BD/ip/GateKeeper_BD_control_parametros_0_0/synth/GateKeeper_BD_control_parametros_0_0.v:53]
WARNING: [Synth 8-6014] Unused sequential element d8_reg was removed.  [C:/Users/danie/Documents/GitHub/GateKeeper/FPGA/GateKeeper/srcs/control_parametros.v:64]
WARNING: [Synth 8-6014] Unused sequential element d7_reg was removed.  [C:/Users/danie/Documents/GitHub/GateKeeper/FPGA/GateKeeper/srcs/control_parametros.v:71]
WARNING: [Synth 8-6014] Unused sequential element d6_reg was removed.  [C:/Users/danie/Documents/GitHub/GateKeeper/FPGA/GateKeeper/srcs/control_parametros.v:78]
WARNING: [Synth 8-6014] Unused sequential element d5_reg was removed.  [C:/Users/danie/Documents/GitHub/GateKeeper/FPGA/GateKeeper/srcs/control_parametros.v:85]
WARNING: [Synth 8-6014] Unused sequential element d4_reg was removed.  [C:/Users/danie/Documents/GitHub/GateKeeper/FPGA/GateKeeper/srcs/control_parametros.v:92]
WARNING: [Synth 8-6014] Unused sequential element d3_reg was removed.  [C:/Users/danie/Documents/GitHub/GateKeeper/FPGA/GateKeeper/srcs/control_parametros.v:99]
---------------------------------------------------------------------------------
Finished RTL Elaboration : Time (s): cpu = 00:00:20 ; elapsed = 00:00:22 . Memory (MB): peak = 1542.684 ; gain = 547.789
---------------------------------------------------------------------------------
---------------------------------------------------------------------------------
Start Handling Custom Attributes
---------------------------------------------------------------------------------
---------------------------------------------------------------------------------
Finished Handling Custom Attributes : Time (s): cpu = 00:00:20 ; elapsed = 00:00:23 . Memory (MB): peak = 1542.684 ; gain = 547.789
---------------------------------------------------------------------------------
---------------------------------------------------------------------------------
Finished RTL Optimization Phase 1 : Time (s): cpu = 00:00:20 ; elapsed = 00:00:23 . Memory (MB): peak = 1542.684 ; gain = 547.789
---------------------------------------------------------------------------------
Netlist sorting complete. Time (s): cpu = 00:00:00 ; elapsed = 00:00:00.006 . Memory (MB): peak = 1542.684 ; gain = 0.000
INFO: [Project 1-570] Preparing netlist for logic optimization

Processing XDC Constraints
Initializing timing engine
Completed Processing XDC Constraints

Netlist sorting complete. Time (s): cpu = 00:00:00 ; elapsed = 00:00:00 . Memory (MB): peak = 1595.824 ; gain = 0.000
INFO: [Project 1-111] Unisim Transformation Summary:
No Unisim elements were transformed.

The system cannot find the path specified.
Constraint Validation Runtime : Time (s): cpu = 00:00:00 ; elapsed = 00:00:00.091 . Memory (MB): peak = 1595.824 ; gain = 0.000
INFO: [Designutils 20-5008] Incremental synthesis strategy off
---------------------------------------------------------------------------------
Finished Constraint Validation : Time (s): cpu = 00:00:39 ; elapsed = 00:00:42 . Memory (MB): peak = 1595.824 ; gain = 600.930
---------------------------------------------------------------------------------
---------------------------------------------------------------------------------
Start Loading Part and Timing Information
---------------------------------------------------------------------------------
Loading part: xc7z020clg484-1
---------------------------------------------------------------------------------
Finished Loading Part and Timing Information : Time (s): cpu = 00:00:39 ; elapsed = 00:00:42 . Memory (MB): peak = 1595.824 ; gain = 600.930
---------------------------------------------------------------------------------
---------------------------------------------------------------------------------
Start Applying 'set_property' XDC Constraints
---------------------------------------------------------------------------------
---------------------------------------------------------------------------------
Finished applying 'set_property' XDC Constraints : Time (s): cpu = 00:00:39 ; elapsed = 00:00:42 . Memory (MB): peak = 1595.824 ; gain = 600.930
---------------------------------------------------------------------------------
---------------------------------------------------------------------------------
Finished RTL Optimization Phase 2 : Time (s): cpu = 00:00:39 ; elapsed = 00:00:43 . Memory (MB): peak = 1595.824 ; gain = 600.930
---------------------------------------------------------------------------------
---------------------------------------------------------------------------------
Start RTL Component Statistics 
---------------------------------------------------------------------------------
Detailed RTL Component Info : 
+---Registers : 
	               16 Bit    Registers := 2     
	                8 Bit    Registers := 3     
	                2 Bit    Registers := 1     
	                1 Bit    Registers := 2     
+---Muxes : 
	   2 Input   16 Bit        Muxes := 2     
	  16 Input   16 Bit        Muxes := 1     
	   2 Input    1 Bit        Muxes := 7     
	  16 Input    1 Bit        Muxes := 6     
---------------------------------------------------------------------------------
Finished RTL Component Statistics 
---------------------------------------------------------------------------------
---------------------------------------------------------------------------------
Start Part Resource Summary
---------------------------------------------------------------------------------
Part Resources:
DSPs: 220 (col length:60)
BRAMs: 280 (col length: RAMB18 60 RAMB36 30)
---------------------------------------------------------------------------------
Finished Part Resource Summary
---------------------------------------------------------------------------------
---------------------------------------------------------------------------------
Start Cross Boundary and Area Optimization
---------------------------------------------------------------------------------
WARNING: [Synth 8-7080] Parallel synthesis criteria is not met
---------------------------------------------------------------------------------
Finished Cross Boundary and Area Optimization : Time (s): cpu = 00:00:44 ; elapsed = 00:00:47 . Memory (MB): peak = 1595.824 ; gain = 600.930
---------------------------------------------------------------------------------
---------------------------------------------------------------------------------
Start Applying XDC Timing Constraints
---------------------------------------------------------------------------------
---------------------------------------------------------------------------------
Finished Applying XDC Timing Constraints : Time (s): cpu = 00:00:58 ; elapsed = 00:01:02 . Memory (MB): peak = 1595.824 ; gain = 600.930
---------------------------------------------------------------------------------
---------------------------------------------------------------------------------
Start Timing Optimization
---------------------------------------------------------------------------------
---------------------------------------------------------------------------------
Finished Timing Optimization : Time (s): cpu = 00:00:58 ; elapsed = 00:01:02 . Memory (MB): peak = 1595.824 ; gain = 600.930
---------------------------------------------------------------------------------
---------------------------------------------------------------------------------
Start Technology Mapping
---------------------------------------------------------------------------------
---------------------------------------------------------------------------------
Finished Technology Mapping : Time (s): cpu = 00:00:58 ; elapsed = 00:01:02 . Memory (MB): peak = 1595.824 ; gain = 600.930
---------------------------------------------------------------------------------
---------------------------------------------------------------------------------
Start IO Insertion
---------------------------------------------------------------------------------
---------------------------------------------------------------------------------
Start Flattening Before IO Insertion
---------------------------------------------------------------------------------
---------------------------------------------------------------------------------
Finished Flattening Before IO Insertion
---------------------------------------------------------------------------------
---------------------------------------------------------------------------------
Start Final Netlist Cleanup
---------------------------------------------------------------------------------
---------------------------------------------------------------------------------
Finished Final Netlist Cleanup
---------------------------------------------------------------------------------
---------------------------------------------------------------------------------
Finished IO Insertion : Time (s): cpu = 00:01:11 ; elapsed = 00:01:15 . Memory (MB): peak = 1595.824 ; gain = 600.930
---------------------------------------------------------------------------------
---------------------------------------------------------------------------------
Start Renaming Generated Instances
---------------------------------------------------------------------------------
---------------------------------------------------------------------------------
Finished Renaming Generated Instances : Time (s): cpu = 00:01:11 ; elapsed = 00:01:15 . Memory (MB): peak = 1595.824 ; gain = 600.930
---------------------------------------------------------------------------------
---------------------------------------------------------------------------------
Start Rebuilding User Hierarchy
---------------------------------------------------------------------------------
---------------------------------------------------------------------------------
Finished Rebuilding User Hierarchy : Time (s): cpu = 00:01:11 ; elapsed = 00:01:15 . Memory (MB): peak = 1595.824 ; gain = 600.930
---------------------------------------------------------------------------------
---------------------------------------------------------------------------------
Start Renaming Generated Ports
---------------------------------------------------------------------------------
---------------------------------------------------------------------------------
Finished Renaming Generated Ports : Time (s): cpu = 00:01:11 ; elapsed = 00:01:15 . Memory (MB): peak = 1595.824 ; gain = 600.930
---------------------------------------------------------------------------------
---------------------------------------------------------------------------------
Start Handling Custom Attributes
---------------------------------------------------------------------------------
---------------------------------------------------------------------------------
Finished Handling Custom Attributes : Time (s): cpu = 00:01:11 ; elapsed = 00:01:15 . Memory (MB): peak = 1595.824 ; gain = 600.930
---------------------------------------------------------------------------------
---------------------------------------------------------------------------------
Start Renaming Generated Nets
---------------------------------------------------------------------------------
---------------------------------------------------------------------------------
Finished Renaming Generated Nets : Time (s): cpu = 00:01:11 ; elapsed = 00:01:15 . Memory (MB): peak = 1595.824 ; gain = 600.930
---------------------------------------------------------------------------------
---------------------------------------------------------------------------------
Start Writing Synthesis Report
---------------------------------------------------------------------------------

Report BlackBoxes: 
+-+--------------+----------+
| |BlackBox name |Instances |
+-+--------------+----------+
+-+--------------+----------+

Report Cell Usage: 
+------+-----+------+
|      |Cell |Count |
+------+-----+------+
|1     |LUT2 |     4|
|2     |LUT3 |     3|
|3     |LUT4 |     2|
|4     |LUT5 |    12|
|5     |LUT6 |    13|
|6     |FDRE |    76|
+------+-----+------+
---------------------------------------------------------------------------------
Finished Writing Synthesis Report : Time (s): cpu = 00:01:11 ; elapsed = 00:01:15 . Memory (MB): peak = 1595.824 ; gain = 600.930
---------------------------------------------------------------------------------
Synthesis finished with 0 errors, 0 critical warnings and 1 warnings.
Synthesis Optimization Runtime : Time (s): cpu = 00:00:47 ; elapsed = 00:01:11 . Memory (MB): peak = 1595.824 ; gain = 547.789
Synthesis Optimization Complete : Time (s): cpu = 00:01:11 ; elapsed = 00:01:15 . Memory (MB): peak = 1595.824 ; gain = 600.930
INFO: [Project 1-571] Translating synthesized netlist
Netlist sorting complete. Time (s): cpu = 00:00:00 ; elapsed = 00:00:00.003 . Memory (MB): peak = 1595.824 ; gain = 0.000
INFO: [Project 1-570] Preparing netlist for logic optimization
INFO: [Opt 31-138] Pushed 0 inverter(s) to 0 load pin(s).
Netlist sorting complete. Time (s): cpu = 00:00:00 ; elapsed = 00:00:00 . Memory (MB): peak = 1595.824 ; gain = 0.000
INFO: [Project 1-111] Unisim Transformation Summary:
No Unisim elements were transformed.

The system cannot find the path specified.
Synth Design complete | Checksum: 46823fd4
INFO: [Common 17-83] Releasing license: Synthesis
24 Infos, 7 Warnings, 0 Critical Warnings and 0 Errors encountered.
synth_design completed successfully
synth_design: Time (s): cpu = 00:01:23 ; elapsed = 00:01:30 . Memory (MB): peak = 1595.824 ; gain = 1018.027
Write ShapeDB Complete: Time (s): cpu = 00:00:00 ; elapsed = 00:00:00.002 . Memory (MB): peak = 1595.824 ; gain = 0.000
INFO: [Common 17-1381] The checkpoint 'C:/Users/danie/Documents/GitHub/GateKeeper/FPGA/GateKeeper/GateKeeper.runs/GateKeeper_BD_control_parametros_0_0_synth_1/GateKeeper_BD_control_parametros_0_0.dcp' has been generated.
INFO: [Coretcl 2-1648] Added synthesis output to IP cache for IP GateKeeper_BD_control_parametros_0_0, cache-ID = 46b08f877c21d40a
INFO: [Coretcl 2-1174] Renamed 2 cell refs.
Write ShapeDB Complete: Time (s): cpu = 00:00:00 ; elapsed = 00:00:00.001 . Memory (MB): peak = 1595.824 ; gain = 0.000
INFO: [Common 17-1381] The checkpoint 'C:/Users/danie/Documents/GitHub/GateKeeper/FPGA/GateKeeper/GateKeeper.runs/GateKeeper_BD_control_parametros_0_0_synth_1/GateKeeper_BD_control_parametros_0_0.dcp' has been generated.
INFO: [runtcl-4] Executing : report_utilization -file GateKeeper_BD_control_parametros_0_0_utilization_synth.rpt -pb GateKeeper_BD_control_parametros_0_0_utilization_synth.pb
INFO: [Common 17-206] Exiting Vivado at Wed Mar 26 11:18:50 2025...
